<?xml version="1.0" encoding="UTF-8" ?>
<testsuite errors="0" failures="1" hostname="AnhDungP" name="TestMessageUtil" skipped="0" tests="2" time="0.177" timestamp="2021-05-19T09:43:40">
  <properties>
[...]
</properties>
  <testcase classname="TestMessageUtil" name="testSalutationMessage" time="0.016" />
  <testcase classname="TestMessageUtil" name="testPrintMessage" time="0.069">
    <failure message="expected:&lt;Dun[--]g&gt; but was:&lt;Dun[]g&gt;" type="junit.framework.AssertionFailedError">junit.framework.AssertionFailedError: expected:&lt;Dun[--]g&gt; but was:&lt;Dun[]g&gt;
	at TestMessageUtil.testPrintMessage(Unknown Source)
	at java.base/jdk.internal.reflect.NativeMethodAccessorImpl.invoke0(Native Method)
	at java.base/jdk.internal.reflect.NativeMethodAccessorImpl.invoke(NativeMethodAccessorImpl.java:78)
	at java.base/jdk.internal.reflect.DelegatingMethodAccessorImpl.invoke(DelegatingMethodAccessorImpl.java:43)
	at jdk.internal.reflect.GeneratedMethodAccessor4.invoke(Unknown Source)
	at java.base/jdk.internal.reflect.DelegatingMethodAccessorImpl.invoke(DelegatingMethodAccessorImpl.java:43)
</failure>
  </testcase>
  <system-out><![CDATA[Inside testSalutationMessage()
Revision3!Dung
Inside testPrintMessage()
Dung
]]></system-out>
  <system-err><![CDATA[]]></system-err>
</testsuite>
